18.3.2024, 15:40:17 - ERROR - Cannot get bugs: | TypeError: Cannot read properties of undefined (reading 'req')
18.3.2024, 15:41:44 - ERROR - Cannot get bugs: | TypeError: Cannot read properties of undefined (reading 'req')
18.3.2024, 15:45:14 - ERROR - Cannot get bugs: | TypeError: Cannot read properties of undefined (reading 'req')
18.3.2024, 15:46:43 - ERROR - Cannot get bugs: | TypeError: Cannot read properties of undefined (reading 'req')
18.3.2024, 15:58:59 - ERROR - Cannot get bugs: | TypeError: Cannot read properties of undefined (reading 'req')
18.3.2024, 16:03:18 - ERROR - Cannot get bugs: | TypeError: Cannot read properties of undefined (reading 'req')
18.3.2024, 16:04:15 - ERROR - Cannot get bugs: | TypeError: Cannot read properties of undefined (reading 'req')
18.3.2024, 16:08:15 - ERROR - Cannot get bugs: | TypeError: Cannot read properties of undefined (reading 'req')
18.3.2024, 16:08:16 - ERROR - Cannot get bugs: | TypeError: Cannot read properties of undefined (reading 'req')
18.3.2024, 16:08:16 - ERROR - Cannot get bugs: | TypeError: Cannot read properties of undefined (reading 'req')
18.3.2024, 16:08:17 - ERROR - Cannot get bugs: | TypeError: Cannot read properties of undefined (reading 'req')
18.3.2024, 16:08:17 - ERROR - Cannot get bugs: | TypeError: Cannot read properties of undefined (reading 'req')
18.3.2024, 16:08:17 - ERROR - Cannot get bugs: | TypeError: Cannot read properties of undefined (reading 'req')
18.3.2024, 16:09:00 - ERROR - Cannot get bugs: | TypeError: Cannot read properties of undefined (reading 'req')
18.3.2024, 16:09:20 - ERROR - Cannot get bugs: | TypeError: Cannot read properties of undefined (reading 'req')
18.3.2024, 16:13:14 - ERROR - Cannot get bugs: | TypeError: Cannot read properties of undefined (reading 'req')
18.3.2024, 16:15:13 - ERROR - Cannot get bugs: | TypeError: Cannot read properties of undefined (reading 'req')
18.3.2024, 16:19:58 - ERROR - Cannot get bugs: | TypeError: Cannot read properties of undefined (reading 'req')
18.3.2024, 16:23:10 - ERROR - Cannot get bugs: | TypeError: Cannot read properties of undefined (reading 'req')
18.3.2024, 16:23:10 - ERROR - Cannot get bugs: | TypeError: Cannot read properties of undefined (reading 'req')
18.3.2024, 17:31:24 - ERROR - Cannot get bug: | Bug does not exist!
18.3.2024, 17:32:10 - ERROR - Cannot get bug: | Bug does not exist!
18.3.2024, 17:32:44 - ERROR - Cannot get bug: | Bug does not exist!
18.3.2024, 17:33:52 - ERROR - Cannot get bug: | Bug does not exist!
18.3.2024, 17:34:04 - ERROR - Cannot get bug: | Bug does not exist!
18.3.2024, 17:34:28 - ERROR - Cannot get bug: | Bug does not exist!
18.3.2024, 17:38:20 - ERROR - Cannot get bug: | Bug does not exist!
18.3.2024, 17:39:34 - ERROR - Cannot get bug: | Bug does not exist!
18.3.2024, 17:42:17 - ERROR - Cannot get bug: | Bug does not exist!
18.3.2024, 17:43:01 - ERROR - Cannot get bug: | Bug does not exist!
18.3.2024, 17:49:47 - ERROR - Cannot get bug: | Bug does not exist!
18.3.2024, 17:55:39 - ERROR - Cannot get bug: | Bug does not exist!
18.3.2024, 17:56:12 - ERROR - Cannot get bug: | Bug does not exist!
20.3.2024, 15:24:24 - ERROR - Could not signup | TypeError: userService.getLoginToke is not a function
20.3.2024, 15:25:41 - ERROR - Could not signup | TypeError: userService.getLoginToke is not a function
20.3.2024, 15:36:54 - WARN - Invalid Credentials | TypeError: user.getLoginToken is not a function
20.3.2024, 15:37:30 - WARN - Invalid Credentials | TypeError: user.getLoginToken is not a function
20.3.2024, 16:32:15 - ERROR - Cannot remove bug: | Not your bug
20.3.2024, 16:38:36 - WARN - Invalid Credentials | Error: value must not be null or undefined
